<component name="libraryTable">
  <library name="junit-4.12">
    <CLASSES>
      <root url="jar:///Library/Java/JavaVirtualMachines/jdk1.8.0_65.jdk/Contents/Home/lib/junit-4.12.jar!/" />
    </CLASSES>
    <JAVADOC />
    <SOURCES />
  </library>
</component>